[22:35:52] [ServerMain/INFO]: Building unoptimized datafixer
[22:35:53] [ServerMain/INFO]: Environment: authHost='https://authserver.mojang.com', accountsHost='https://api.mojang.com', sessionHost='https://sessionserver.mojang.com', servicesHost='https://api.minecraftservices.com', name='PROD'
[22:35:54] [ServerMain/INFO]: Loaded 7 recipes
[22:35:55] [ServerMain/INFO]: Loaded 1179 advancements
[22:35:55] [Server thread/INFO]: Starting minecraft server version 1.19.3
[22:35:55] [Server thread/INFO]: Loading properties
[22:35:55] [Server thread/INFO]: Default game type: SURVIVAL
[22:35:55] [Server thread/INFO]: Generating keypair
[22:35:55] [Server thread/INFO]: Starting Minecraft server on *:25565
[22:35:55] [Server thread/INFO]: Using default channel type
[22:35:55] [Server thread/INFO]: Preparing level "world"
[22:35:57] [Server thread/INFO]: Preparing start region for dimension minecraft:overworld
[22:35:59] [Worker-Main-2/INFO]: Preparing spawn area: 0%
[22:35:59] [Worker-Main-2/INFO]: Preparing spawn area: 0%
[22:35:59] [Worker-Main-5/INFO]: Preparing spawn area: 0%
[22:35:59] [Worker-Main-2/INFO]: Preparing spawn area: 0%
[22:35:59] [Worker-Main-1/INFO]: Preparing spawn area: 0%
[22:35:59] [Worker-Main-2/INFO]: Preparing spawn area: 0%
[22:36:00] [Worker-Main-5/INFO]: Preparing spawn area: 69%
[22:36:00] [Server thread/INFO]: Time elapsed: 3151 ms
[22:36:00] [Server thread/INFO]: Done (4.786s)! For help, type "help"
[22:36:07] [Server thread/INFO]: Stopping the server
[22:36:07] [Server thread/INFO]: Stopping server
[22:36:07] [Server thread/INFO]: Saving players
[22:36:07] [Server thread/INFO]: Saving worlds
[22:36:08] [Server thread/INFO]: Saving chunks for level 'ServerLevel[world]'/minecraft:overworld
[22:36:08] [Server thread/INFO]: Saving chunks for level 'ServerLevel[world]'/minecraft:the_nether
[22:36:08] [Server thread/INFO]: Saving chunks for level 'ServerLevel[world]'/minecraft:the_end
[22:36:08] [Server thread/INFO]: ThreadedAnvilChunkStorage (world): All chunks are saved
[22:36:08] [Server thread/INFO]: ThreadedAnvilChunkStorage (DIM-1): All chunks are saved
[22:36:08] [Server thread/INFO]: ThreadedAnvilChunkStorage (DIM1): All chunks are saved
[22:36:08] [Server thread/INFO]: ThreadedAnvilChunkStorage: All dimensions are saved
